TN:
SF:src/index.js
FN:60,(anonymous_0)
FN:64,(anonymous_1)
FN:88,(anonymous_2)
FN:92,(anonymous_3)
FN:96,(anonymous_4)
FN:103,(anonymous_5)
FN:107,(anonymous_6)
FN:112,(anonymous_7)
FNF:8
FNH:0
FNDA:0,(anonymous_0)
FNDA:0,(anonymous_1)
FNDA:0,(anonymous_2)
FNDA:0,(anonymous_3)
FNDA:0,(anonymous_4)
FNDA:0,(anonymous_5)
FNDA:0,(anonymous_6)
FNDA:0,(anonymous_7)
DA:1,0
DA:2,0
DA:3,0
DA:4,0
DA:5,0
DA:6,0
DA:8,0
DA:9,0
DA:10,0
DA:11,0
DA:12,0
DA:13,0
DA:14,0
DA:15,0
DA:17,0
DA:18,0
DA:19,0
DA:20,0
DA:21,0
DA:25,0
DA:27,0
DA:35,0
DA:43,0
DA:51,0
DA:59,0
DA:60,0
DA:63,0
DA:65,0
DA:66,0
DA:68,0
DA:73,0
DA:74,0
DA:76,0
DA:77,0
DA:78,0
DA:79,0
DA:80,0
DA:81,0
DA:82,0
DA:83,0
DA:84,0
DA:85,0
DA:86,0
DA:88,0
DA:89,0
DA:92,0
DA:93,0
DA:96,0
DA:97,0
DA:98,0
DA:101,0
DA:103,0
DA:104,0
DA:107,0
DA:108,0
DA:109,0
DA:112,0
DA:113,0
DA:114,0
LF:59
LH:0
BRDA:19,0,0,0
BRDA:19,0,1,0
BRDA:59,1,0,0
BRDA:59,1,1,0
BRDA:65,2,0,0
BRDA:65,2,1,0
BRDA:65,3,0,0
BRDA:65,3,1,0
BRDA:101,4,0,0
BRDA:101,4,1,0
BRF:10
BRH:0
end_of_record
TN:
SF:src/middleware/authMiddleware.js
FN:3,(anonymous_0)
FNF:1
FNH:0
FNDA:0,(anonymous_0)
DA:1,0
DA:3,0
DA:4,0
DA:5,0
DA:6,0
DA:8,0
DA:10,0
DA:11,0
DA:14,0
DA:15,0
DA:16,0
DA:17,0
DA:19,0
DA:23,0
LF:14
LH:0
BRDA:6,0,0,0
BRDA:6,0,1,0
BRDA:8,1,0,0
BRDA:8,1,1,0
BRDA:10,2,0,0
BRDA:10,2,1,0
BRF:6
BRH:0
end_of_record
TN:
SF:src/routes/attachmentRoutes.js
FN:11,(anonymous_0)
FN:16,(anonymous_1)
FN:18,(anonymous_2)
FN:52,(anonymous_3)
FN:84,(anonymous_4)
FNF:5
FNH:0
FNDA:0,(anonymous_0)
FNDA:0,(anonymous_1)
FNDA:0,(anonymous_2)
FNDA:0,(anonymous_3)
FNDA:0,(anonymous_4)
DA:1,0
DA:2,0
DA:3,0
DA:4,0
DA:5,0
DA:6,0
DA:8,0
DA:11,0
DA:12,0
DA:14,0
DA:16,0
DA:18,0
DA:19,0
DA:43,0
DA:44,0
DA:45,0
DA:52,0
DA:53,0
DA:55,0
DA:56,0
DA:58,0
DA:59,0
DA:62,0
DA:63,0
DA:64,0
DA:67,0
DA:68,0
DA:71,0
DA:72,0
DA:73,0
DA:75,0
DA:76,0
DA:84,0
DA:85,0
DA:86,0
DA:88,0
DA:90,0
DA:91,0
DA:93,0
DA:110,0
DA:111,0
DA:112,0
DA:115,0
DA:116,0
DA:117,0
DA:118,0
DA:120,0
DA:121,0
DA:122,0
DA:125,0
DA:126,0
DA:127,0
DA:130,0
DA:131,0
DA:132,0
DA:135,0
DA:137,0
DA:149,0
DA:151,0
DA:152,0
DA:153,0
DA:155,0
DA:158,0
DA:160,0
DA:161,0
DA:162,0
DA:164,0
DA:168,0
LF:68
LH:0
BRDA:8,0,0,0
BRDA:8,0,1,0
BRDA:12,1,0,0
BRDA:12,1,1,0
BRDA:19,2,0,0
BRDA:19,2,1,0
BRDA:43,3,0,0
BRDA:43,3,1,0
BRDA:45,4,0,0
BRDA:45,4,1,0
BRDA:58,5,0,0
BRDA:58,5,1,0
BRDA:63,6,0,0
BRDA:63,6,1,0
BRDA:63,7,0,0
BRDA:63,7,1,0
BRDA:67,8,0,0
BRDA:67,8,1,0
BRDA:110,9,0,0
BRDA:110,9,1,0
BRDA:120,10,0,0
BRDA:120,10,1,0
BRDA:120,11,0,0
BRDA:120,11,1,0
BRDA:125,12,0,0
BRDA:125,12,1,0
BRDA:125,13,0,0
BRDA:125,13,1,0
BRDA:130,14,0,0
BRDA:130,14,1,0
BRDA:153,15,0,0
BRDA:153,15,1,0
BRF:32
BRH:0
end_of_record
TN:
SF:src/routes/authRoutes.js
FN:8,(anonymous_0)
FN:98,(anonymous_1)
FN:135,(anonymous_2)
FN:163,(anonymous_3)
FNF:4
FNH:0
FNDA:0,(anonymous_0)
FNDA:0,(anonymous_1)
FNDA:0,(anonymous_2)
FNDA:0,(anonymous_3)
DA:1,0
DA:2,0
DA:3,0
DA:4,0
DA:6,0
DA:8,0
DA:9,0
DA:10,0
DA:12,0
DA:13,0
DA:18,0
DA:37,0
DA:38,0
DA:43,0
DA:45,0
DA:46,0
DA:51,0
DA:53,0
DA:54,0
DA:59,0
DA:72,0
DA:79,0
DA:90,0
DA:91,0
DA:98,0
DA:99,0
DA:101,0
DA:102,0
DA:105,0
DA:106,0
DA:111,0
DA:112,0
DA:115,0
DA:117,0
DA:118,0
DA:121,0
DA:123,0
DA:128,0
DA:130,0
DA:131,0
DA:135,0
DA:136,0
DA:138,0
DA:139,0
DA:142,0
DA:143,0
DA:148,0
DA:149,0
DA:152,0
DA:153,0
DA:156,0
DA:158,0
DA:159,0
DA:163,0
DA:164,0
DA:169,0
DA:172,0
LF:57
LH:0
BRDA:12,0,0,0
BRDA:12,0,1,0
BRDA:12,1,0,0
BRDA:12,1,1,0
BRDA:37,2,0,0
BRDA:37,2,1,0
BRDA:45,3,0,0
BRDA:45,3,1,0
BRDA:53,4,0,0
BRDA:53,4,1,0
BRDA:68,5,0,0
BRDA:68,5,1,0
BRDA:101,6,0,0
BRDA:101,6,1,0
BRDA:101,7,0,0
BRDA:101,7,1,0
BRDA:101,7,2,0
BRDA:111,8,0,0
BRDA:111,8,1,0
BRDA:117,9,0,0
BRDA:117,9,1,0
BRDA:138,10,0,0
BRDA:138,10,1,0
BRDA:148,11,0,0
BRDA:148,11,1,0
BRDA:152,12,0,0
BRDA:152,12,1,0
BRF:27
BRH:0
end_of_record
TN:
SF:src/routes/fiscalYearRoutes.js
FN:6,(anonymous_0)
FN:14,(anonymous_1)
FN:26,(anonymous_2)
FN:80,(anonymous_3)
FN:91,(anonymous_4)
FN:111,(anonymous_5)
FN:138,(anonymous_6)
FN:151,(anonymous_7)
FN:179,(anonymous_8)
FN:208,(anonymous_9)
FN:237,(anonymous_10)
FN:250,(anonymous_11)
FN:278,(anonymous_12)
FN:307,(anonymous_13)
FNF:14
FNH:0
FNDA:0,(anonymous_0)
FNDA:0,(anonymous_1)
FNDA:0,(anonymous_2)
FNDA:0,(anonymous_3)
FNDA:0,(anonymous_4)
FNDA:0,(anonymous_5)
FNDA:0,(anonymous_6)
FNDA:0,(anonymous_7)
FNDA:0,(anonymous_8)
FNDA:0,(anonymous_9)
FNDA:0,(anonymous_10)
FNDA:0,(anonymous_11)
FNDA:0,(anonymous_12)
FNDA:0,(anonymous_13)
DA:1,0
DA:2,0
DA:3,0
DA:4,0
DA:6,0
DA:7,0
DA:8,0
DA:10,0
DA:14,0
DA:15,0
DA:16,0
DA:19,0
DA:21,0
DA:26,0
DA:27,0
DA:29,0
DA:30,0
DA:33,0
DA:34,0
DA:35,0
DA:37,0
DA:38,0
DA:39,0
DA:40,0
DA:45,0
DA:48,0
DA:49,0
DA:50,0
DA:55,0
DA:58,0
DA:59,0
DA:60,0
DA:63,0
DA:66,0
DA:69,0
DA:73,0
DA:74,0
DA:76,0
DA:79,0
DA:80,0
DA:81,0
DA:87,0
DA:90,0
DA:91,0
DA:92,0
DA:99,0
DA:100,0
DA:102,0
DA:103,0
DA:104,0
DA:106,0
DA:111,0
DA:112,0
DA:113,0
DA:114,0
DA:117,0
DA:118,0
DA:120,0
DA:121,0
DA:126,0
DA:129,0
DA:131,0
DA:138,0
DA:139,0
DA:140,0
DA:144,0
DA:146,0
DA:151,0
DA:152,0
DA:153,0
DA:155,0
DA:157,0
DA:158,0
DA:159,0
DA:160,0
DA:162,0
DA:166,0
DA:168,0
DA:172,0
DA:174,0
DA:179,0
DA:180,0
DA:181,0
DA:183,0
DA:185,0
DA:186,0
DA:187,0
DA:188,0
DA:190,0
DA:194,0
DA:196,0
DA:200,0
DA:201,0
DA:203,0
DA:208,0
DA:209,0
DA:210,0
DA:211,0
DA:212,0
DA:213,0
DA:215,0
DA:218,0
DA:219,0
DA:224,0
DA:227,0
DA:228,0
DA:230,0
DA:237,0
DA:238,0
DA:239,0
DA:243,0
DA:245,0
DA:250,0
DA:251,0
DA:252,0
DA:254,0
DA:256,0
DA:257,0
DA:258,0
DA:259,0
DA:261,0
DA:265,0
DA:267,0
DA:271,0
DA:273,0
DA:278,0
DA:279,0
DA:280,0
DA:282,0
DA:284,0
DA:285,0
DA:286,0
DA:287,0
DA:289,0
DA:293,0
DA:295,0
DA:299,0
DA:300,0
DA:302,0
DA:307,0
DA:308,0
DA:309,0
DA:310,0
DA:311,0
DA:312,0
DA:314,0
DA:317,0
DA:318,0
DA:323,0
DA:326,0
DA:327,0
DA:329,0
DA:333,0
LF:153
LH:0
BRDA:7,0,0,0
BRDA:7,0,1,0
BRDA:29,1,0,0
BRDA:29,1,1,0
BRDA:29,2,0,0
BRDA:29,2,1,0
BRDA:29,2,2,0
BRDA:29,2,3,0
BRDA:38,3,0,0
BRDA:38,3,1,0
BRDA:48,4,0,0
BRDA:48,4,1,0
BRDA:58,5,0,0
BRDA:58,5,1,0
BRDA:73,6,0,0
BRDA:73,6,1,0
BRDA:79,7,0,0
BRDA:79,7,1,0
BRDA:90,8,0,0
BRDA:90,8,1,0
BRDA:117,9,0,0
BRDA:117,9,1,0
BRDA:118,10,0,0
BRDA:118,10,1,0
BRDA:120,11,0,0
BRDA:120,11,1,0
BRDA:155,12,0,0
BRDA:155,12,1,0
BRDA:159,13,0,0
BRDA:159,13,1,0
BRDA:160,14,0,0
BRDA:160,14,1,0
BRDA:166,15,0,0
BRDA:166,15,1,0
BRDA:183,16,0,0
BRDA:183,16,1,0
BRDA:187,17,0,0
BRDA:187,17,1,0
BRDA:188,18,0,0
BRDA:188,18,1,0
BRDA:194,19,0,0
BRDA:194,19,1,0
BRDA:200,20,0,0
BRDA:200,20,1,0
BRDA:212,21,0,0
BRDA:212,21,1,0
BRDA:213,22,0,0
BRDA:213,22,1,0
BRDA:218,23,0,0
BRDA:218,23,1,0
BRDA:227,24,0,0
BRDA:227,24,1,0
BRDA:254,25,0,0
BRDA:254,25,1,0
BRDA:258,26,0,0
BRDA:258,26,1,0
BRDA:259,27,0,0
BRDA:259,27,1,0
BRDA:265,28,0,0
BRDA:265,28,1,0
BRDA:282,29,0,0
BRDA:282,29,1,0
BRDA:286,30,0,0
BRDA:286,30,1,0
BRDA:287,31,0,0
BRDA:287,31,1,0
BRDA:293,32,0,0
BRDA:293,32,1,0
BRDA:299,33,0,0
BRDA:299,33,1,0
BRDA:311,34,0,0
BRDA:311,34,1,0
BRDA:312,35,0,0
BRDA:312,35,1,0
BRDA:317,36,0,0
BRDA:317,36,1,0
BRDA:326,37,0,0
BRDA:326,37,1,0
BRF:78
BRH:0
end_of_record
TN:
SF:src/routes/referenceRoutes.js
FN:6,(anonymous_0)
FN:33,(anonymous_1)
FN:52,(anonymous_2)
FNF:3
FNH:0
FNDA:0,(anonymous_0)
FNDA:0,(anonymous_1)
FNDA:0,(anonymous_2)
DA:1,0
DA:2,0
DA:3,0
DA:4,0
DA:6,0
DA:7,0
DA:8,0
DA:18,0
DA:19,0
DA:24,0
DA:26,0
DA:27,0
DA:33,0
DA:34,0
DA:35,0
DA:43,0
DA:45,0
DA:46,0
DA:52,0
DA:53,0
DA:54,0
DA:62,0
DA:64,0
DA:65,0
DA:71,0
LF:25
LH:0
BRDA:18,0,0,0
BRDA:18,0,1,0
BRF:2
BRH:0
end_of_record
TN:
SF:src/routes/requestAttachmentRoutes.js
FN:41,(anonymous_0)
FN:43,(anonymous_1)
FN:52,(anonymous_2)
FN:67,(anonymous_3)
FN:87,(anonymous_4)
FN:92,(anonymous_5)
FN:99,(anonymous_6)
FN:113,(anonymous_7)
FN:197,(anonymous_8)
FNF:9
FNH:4
FNDA:10,(anonymous_0)
FNDA:4,(anonymous_1)
FNDA:0,(anonymous_2)
FNDA:5,(anonymous_3)
FNDA:0,(anonymous_4)
FNDA:0,(anonymous_5)
FNDA:0,(anonymous_6)
FNDA:7,(anonymous_7)
FNDA:0,(anonymous_8)
DA:1,1
DA:2,1
DA:3,1
DA:4,1
DA:5,1
DA:6,1
DA:7,1
DA:9,1
DA:18,1
DA:20,1
DA:25,1
DA:27,1
DA:39,1
DA:41,10
DA:43,1
DA:44,4
DA:45,4
DA:46,4
DA:48,0
DA:52,1
DA:53,0
DA:62,0
DA:63,0
DA:64,0
DA:67,1
DA:68,5
DA:79,5
DA:80,5
DA:81,5
DA:84,1
DA:86,1
DA:88,0
DA:89,0
DA:90,0
DA:93,0
DA:94,0
DA:95,0
DA:99,1
DA:100,0
DA:101,0
DA:103,0
DA:107,1
DA:113,1
DA:114,7
DA:115,1
DA:118,6
DA:119,6
DA:120,6
DA:122,6
DA:123,1
DA:124,1
DA:129,5
DA:131,5
DA:132,5
DA:134,5
DA:136,5
DA:137,0
DA:138,0
DA:139,0
DA:142,5
DA:144,5
DA:145,2
DA:146,2
DA:147,2
DA:150,3
DA:151,1
DA:152,1
DA:153,1
DA:158,2
DA:160,2
DA:167,2
DA:174,2
DA:176,2
DA:184,0
DA:185,0
DA:186,0
DA:187,0
DA:189,5
DA:197,1
DA:198,0
DA:200,0
DA:201,0
DA:203,0
DA:204,0
DA:207,0
DA:223,0
DA:225,0
DA:226,0
DA:230,1
LF:89
LH:59
BRDA:44,0,0,0
BRDA:44,0,1,4
BRDA:46,1,0,0
BRDA:46,1,1,4
BRDA:53,2,0,0
BRDA:53,2,1,0
BRDA:62,3,0,0
BRDA:62,3,1,0
BRDA:64,4,0,0
BRDA:64,4,1,0
BRDA:68,5,0,0
BRDA:68,5,1,5
BRDA:79,6,0,0
BRDA:79,6,1,5
BRDA:81,7,0,5
BRDA:81,7,1,0
BRDA:84,8,0,1
BRDA:84,8,1,1
BRDA:100,9,0,0
BRDA:100,9,1,0
BRDA:114,10,0,1
BRDA:114,10,1,6
BRDA:122,11,0,1
BRDA:122,11,1,5
BRDA:122,12,0,6
BRDA:122,12,1,6
BRDA:136,13,0,0
BRDA:136,13,1,5
BRDA:144,14,0,2
BRDA:144,14,1,3
BRDA:150,15,0,1
BRDA:150,15,1,2
BRDA:203,16,0,0
BRDA:203,16,1,0
BRF:34
BRH:18
end_of_record
TN:
SF:src/routes/requestRoutes.js
FN:106,(anonymous_0)
FN:108,(anonymous_1)
FN:124,(anonymous_2)
FN:152,(anonymous_3)
FN:241,(anonymous_4)
FN:268,(anonymous_5)
FN:303,(anonymous_6)
FN:304,(anonymous_7)
FN:305,(anonymous_8)
FN:315,(anonymous_9)
FN:328,(anonymous_10)
FN:401,(anonymous_11)
FN:418,(anonymous_12)
FN:506,(anonymous_13)
FN:559,(anonymous_14)
FN:613,(anonymous_15)
FN:693,(anonymous_16)
FN:761,(anonymous_17)
FN:860,(anonymous_18)
FN:892,(anonymous_19)
FN:914,(anonymous_20)
FNF:21
FNH:6
FNDA:11,(anonymous_0)
FNDA:0,(anonymous_1)
FNDA:0,(anonymous_2)
FNDA:0,(anonymous_3)
FNDA:0,(anonymous_4)
FNDA:0,(anonymous_5)
FNDA:0,(anonymous_6)
FNDA:0,(anonymous_7)
FNDA:0,(anonymous_8)
FNDA:0,(anonymous_9)
FNDA:0,(anonymous_10)
FNDA:0,(anonymous_11)
FNDA:5,(anonymous_12)
FNDA:4,(anonymous_13)
FNDA:4,(anonymous_14)
FNDA:12,(anonymous_15)
FNDA:5,(anonymous_16)
FNDA:0,(anonymous_17)
FNDA:0,(anonymous_18)
FNDA:0,(anonymous_19)
FNDA:0,(anonymous_20)
DA:1,2
DA:2,2
DA:3,2
DA:4,2
DA:11,2
DA:20,2
DA:30,2
DA:31,2
DA:51,2
DA:106,11
DA:108,2
DA:109,0
DA:110,0
DA:112,0
DA:124,2
DA:125,0
DA:126,0
DA:127,0
DA:128,0
DA:129,0
DA:130,0
DA:131,0
DA:132,0
DA:133,0
DA:134,0
DA:136,0
DA:138,0
DA:139,0
DA:141,0
DA:142,0
DA:144,0
DA:145,0
DA:148,0
DA:151,0
DA:152,0
DA:153,0
DA:154,0
DA:155,0
DA:159,0
DA:160,0
DA:161,0
DA:164,0
DA:165,0
DA:166,0
DA:169,0
DA:170,0
DA:171,0
DA:172,0
DA:173,0
DA:177,0
DA:178,0
DA:186,0
DA:189,0
DA:194,0
DA:195,0
DA:196,0
DA:197,0
DA:199,0
DA:210,0
DA:217,0
DA:221,0
DA:223,0
DA:240,0
DA:241,0
DA:256,0
DA:257,0
DA:268,2
DA:269,0
DA:270,0
DA:271,0
DA:272,0
DA:274,0
DA:283,0
DA:292,0
DA:302,0
DA:303,0
DA:304,0
DA:305,0
DA:308,0
DA:309,0
DA:315,0
DA:318,0
DA:320,0
DA:321,0
DA:328,2
DA:329,0
DA:330,0
DA:331,0
DA:333,0
DA:356,0
DA:357,0
DA:360,0
DA:375,0
DA:391,0
DA:398,0
DA:401,0
DA:408,0
DA:409,0
DA:418,2
DA:425,5
DA:427,5
DA:428,0
DA:433,5
DA:434,0
DA:439,5
DA:440,0
DA:445,5
DA:446,0
DA:447,0
DA:448,0
DA:454,5
DA:455,0
DA:460,5
DA:461,5
DA:462,0
DA:466,5
DA:467,0
DA:473,5
DA:474,5
DA:475,5
DA:477,5
DA:478,5
DA:480,5
DA:485,5
DA:486,0
DA:487,0
DA:490,5
DA:491,1
DA:492,1
DA:496,4
DA:500,4
DA:501,0
DA:502,0
DA:506,4
DA:507,4
DA:511,4
DA:512,0
DA:513,0
DA:516,4
DA:517,4
DA:519,4
DA:531,4
DA:532,4
DA:533,2
DA:534,2
DA:537,4
DA:539,4
DA:557,4
DA:559,4
DA:566,4
DA:575,4
DA:584,4
DA:586,4
DA:593,0
DA:594,0
DA:596,0
DA:597,0
DA:602,0
DA:606,5
DA:613,2
DA:614,12
DA:615,12
DA:617,12
DA:618,12
DA:619,1
DA:624,11
DA:625,1
DA:630,10
DA:631,2
DA:636,8
DA:637,8
DA:639,8
DA:640,8
DA:642,8
DA:652,8
DA:653,0
DA:654,0
DA:657,8
DA:658,8
DA:660,8
DA:661,0
DA:662,0
DA:667,8
DA:668,2
DA:669,2
DA:674,6
DA:675,6
DA:676,1
DA:677,1
DA:683,5
DA:684,4
DA:693,5
DA:695,4
DA:696,1
DA:697,1
DA:701,3
DA:702,1
DA:703,1
DA:710,3
DA:711,2
DA:712,2
DA:713,1
DA:714,1
DA:720,2
DA:730,2
DA:732,2
DA:741,2
DA:743,2
DA:748,0
DA:749,0
DA:750,0
DA:754,8
DA:761,2
DA:762,0
DA:763,0
DA:764,0
DA:765,0
DA:767,0
DA:768,0
DA:770,0
DA:771,0
DA:773,0
DA:774,0
DA:778,0
DA:779,0
DA:780,0
DA:781,0
DA:786,0
DA:787,0
DA:789,0
DA:790,0
DA:791,0
DA:795,0
DA:796,0
DA:802,0
DA:804,0
DA:805,0
DA:807,0
DA:818,0
DA:819,0
DA:820,0
DA:823,0
DA:824,0
DA:825,0
DA:827,0
DA:828,0
DA:829,0
DA:834,0
DA:835,0
DA:836,0
DA:837,0
DA:841,0
DA:842,0
DA:843,0
DA:850,0
DA:854,0
DA:855,0
DA:856,0
DA:860,0
DA:861,0
DA:865,0
DA:866,0
DA:867,0
DA:870,0
DA:887,0
DA:892,0
DA:899,0
DA:908,0
DA:915,0
DA:916,0
DA:917,0
DA:919,0
DA:922,0
DA:926,0
DA:927,0
DA:929,0
DA:930,0
DA:931,0
DA:935,0
DA:939,2
LF:280
LH:103
BRDA:109,0,0,0
BRDA:109,0,1,0
BRDA:126,1,0,0
BRDA:126,1,1,0
BRDA:127,2,0,0
BRDA:127,2,1,0
BRDA:129,3,0,0
BRDA:129,3,1,0
BRDA:130,4,0,0
BRDA:130,4,1,0
BRDA:131,5,0,0
BRDA:131,5,1,0
BRDA:132,6,0,0
BRDA:132,6,1,0
BRDA:132,7,0,0
BRDA:132,7,1,0
BRDA:133,8,0,0
BRDA:133,8,1,0
BRDA:134,9,0,0
BRDA:134,9,1,0
BRDA:138,10,0,0
BRDA:138,10,1,0
BRDA:139,11,0,0
BRDA:139,11,1,0
BRDA:144,12,0,0
BRDA:144,12,1,0
BRDA:151,13,0,0
BRDA:151,13,1,0
BRDA:153,14,0,0
BRDA:153,14,1,0
BRDA:159,15,0,0
BRDA:159,15,1,0
BRDA:164,16,0,0
BRDA:164,16,1,0
BRDA:169,17,0,0
BRDA:169,17,1,0
BRDA:171,18,0,0
BRDA:171,18,1,0
BRDA:177,19,0,0
BRDA:177,19,1,0
BRDA:189,20,0,0
BRDA:189,20,1,0
BRDA:194,21,0,0
BRDA:194,21,1,0
BRDA:195,22,0,0
BRDA:195,22,1,0
BRDA:196,23,0,0
BRDA:196,23,1,0
BRDA:221,24,0,0
BRDA:221,24,1,0
BRDA:243,25,0,0
BRDA:243,25,1,0
BRDA:249,26,0,0
BRDA:249,26,1,0
BRDA:250,27,0,0
BRDA:250,27,1,0
BRDA:251,28,0,0
BRDA:251,28,1,0
BRDA:252,29,0,0
BRDA:252,29,1,0
BRDA:271,30,0,0
BRDA:271,30,1,0
BRDA:272,31,0,0
BRDA:272,31,1,0
BRDA:308,32,0,0
BRDA:308,32,1,0
BRDA:356,33,0,0
BRDA:356,33,1,0
BRDA:394,34,0,0
BRDA:394,34,1,0
BRDA:404,35,0,0
BRDA:404,35,1,0
BRDA:427,36,0,0
BRDA:427,36,1,5
BRDA:427,37,0,5
BRDA:427,37,1,5
BRDA:433,38,0,0
BRDA:433,38,1,5
BRDA:433,39,0,5
BRDA:433,39,1,5
BRDA:439,40,0,0
BRDA:439,40,1,5
BRDA:445,41,0,0
BRDA:445,41,1,5
BRDA:445,42,0,5
BRDA:445,42,1,5
BRDA:445,42,2,0
BRDA:447,43,0,0
BRDA:447,43,1,0
BRDA:447,44,0,0
BRDA:447,44,1,0
BRDA:454,45,0,0
BRDA:454,45,1,5
BRDA:454,46,0,5
BRDA:454,46,1,5
BRDA:461,47,0,0
BRDA:461,47,1,5
BRDA:461,48,0,5
BRDA:461,48,1,5
BRDA:461,48,2,5
BRDA:466,49,0,0
BRDA:466,49,1,5
BRDA:466,50,0,5
BRDA:466,50,1,5
BRDA:485,51,0,0
BRDA:485,51,1,5
BRDA:490,52,0,1
BRDA:490,52,1,4
BRDA:500,53,0,0
BRDA:500,53,1,4
BRDA:511,54,0,0
BRDA:511,54,1,4
BRDA:532,55,0,2
BRDA:532,55,1,2
BRDA:534,56,0,2
BRDA:534,56,1,0
BRDA:552,57,0,4
BRDA:552,57,1,0
BRDA:552,58,0,4
BRDA:552,58,1,4
BRDA:596,59,0,0
BRDA:596,59,1,0
BRDA:618,60,0,1
BRDA:618,60,1,11
BRDA:624,61,0,1
BRDA:624,61,1,10
BRDA:624,62,0,11
BRDA:624,62,1,11
BRDA:630,63,0,2
BRDA:630,63,1,8
BRDA:630,64,0,10
BRDA:630,64,1,3
BRDA:630,64,2,2
BRDA:652,65,0,0
BRDA:652,65,1,8
BRDA:660,66,0,0
BRDA:660,66,1,8
BRDA:660,67,0,8
BRDA:660,67,1,0
BRDA:660,67,2,0
BRDA:667,68,0,2
BRDA:667,68,1,6
BRDA:674,69,0,0
BRDA:674,69,1,6
BRDA:675,70,0,1
BRDA:675,70,1,5
BRDA:683,71,0,4
BRDA:683,71,1,1
BRDA:683,72,0,5
BRDA:683,72,1,1
BRDA:695,73,0,1
BRDA:695,73,1,3
BRDA:695,74,0,4
BRDA:695,74,1,4
BRDA:701,75,0,1
BRDA:701,75,1,2
BRDA:701,76,0,3
BRDA:701,76,1,3
BRDA:710,77,0,2
BRDA:710,77,1,1
BRDA:712,78,0,1
BRDA:712,78,1,1
BRDA:712,79,0,2
BRDA:712,79,1,2
BRDA:730,80,0,0
BRDA:730,80,1,2
BRDA:730,81,0,2
BRDA:730,81,1,0
BRDA:767,82,0,0
BRDA:767,82,1,0
BRDA:770,83,0,0
BRDA:770,83,1,0
BRDA:770,84,0,0
BRDA:770,84,1,0
BRDA:773,85,0,0
BRDA:773,85,1,0
BRDA:778,86,0,0
BRDA:778,86,1,0
BRDA:778,87,0,0
BRDA:778,87,1,0
BRDA:778,87,2,0
BRDA:780,88,0,0
BRDA:780,88,1,0
BRDA:780,89,0,0
BRDA:780,89,1,0
BRDA:786,90,0,0
BRDA:786,90,1,0
BRDA:786,91,0,0
BRDA:786,91,1,0
BRDA:790,92,0,0
BRDA:790,92,1,0
BRDA:790,93,0,0
BRDA:790,93,1,0
BRDA:790,93,2,0
BRDA:795,94,0,0
BRDA:795,94,1,0
BRDA:795,95,0,0
BRDA:795,95,1,0
BRDA:818,96,0,0
BRDA:818,96,1,0
BRDA:827,97,0,0
BRDA:827,97,1,0
BRDA:834,98,0,0
BRDA:834,98,1,0
BRDA:835,99,0,0
BRDA:835,99,1,0
BRDA:841,100,0,0
BRDA:841,100,1,0
BRDA:854,101,0,0
BRDA:854,101,1,0
BRDA:865,102,0,0
BRDA:865,102,1,0
BRDA:882,103,0,0
BRDA:882,103,1,0
BRDA:882,104,0,0
BRDA:882,104,1,0
BRDA:916,105,0,0
BRDA:916,105,1,0
BRDA:916,106,0,0
BRDA:916,106,1,0
BRDA:917,107,0,0
BRDA:917,107,1,0
BRDA:919,108,0,0
BRDA:919,108,1,0
BRDA:919,108,2,0
BRDA:921,109,0,0
BRDA:921,109,1,0
BRDA:922,110,0,0
BRDA:922,110,1,0
BRF:229
BRH:70
end_of_record
TN:
SF:src/routes/testRoutes.js
FN:5,(anonymous_0)
FN:9,(anonymous_1)
FNF:2
FNH:0
FNDA:0,(anonymous_0)
FNDA:0,(anonymous_1)
DA:1,0
DA:2,0
DA:3,0
DA:5,0
DA:6,0
DA:9,0
DA:10,0
DA:11,0
DA:12,0
DA:17,0
DA:18,0
DA:24,0
LF:12
LH:0
BRF:0
BRH:0
end_of_record
TN:
SF:src/routes/userRoutes.js
FN:11,(anonymous_0)
FN:19,(anonymous_1)
FN:35,(anonymous_2)
FN:45,(anonymous_3)
FN:94,(anonymous_4)
FN:136,(anonymous_5)
FN:161,(anonymous_6)
FN:196,(anonymous_7)
FNF:8
FNH:0
FNDA:0,(anonymous_0)
FNDA:0,(anonymous_1)
FNDA:0,(anonymous_2)
FNDA:0,(anonymous_3)
FNDA:0,(anonymous_4)
FNDA:0,(anonymous_5)
FNDA:0,(anonymous_6)
FNDA:0,(anonymous_7)
DA:1,0
DA:2,0
DA:3,0
DA:4,0
DA:5,0
DA:6,0
DA:7,0
DA:9,0
DA:11,0
DA:12,0
DA:13,0
DA:15,0
DA:19,0
DA:20,0
DA:21,0
DA:28,0
DA:30,0
DA:35,0
DA:36,0
DA:37,0
DA:38,0
DA:40,0
DA:45,0
DA:46,0
DA:48,0
DA:49,0
DA:52,0
DA:53,0
DA:56,0
DA:57,0
DA:58,0
DA:59,0
DA:62,0
DA:63,0
DA:64,0
DA:66,0
DA:72,0
DA:78,0
DA:79,0
DA:80,0
DA:82,0
DA:83,0
DA:86,0
DA:88,0
DA:89,0
DA:94,0
DA:95,0
DA:96,0
DA:98,0
DA:99,0
DA:102,0
DA:103,0
DA:106,0
DA:107,0
DA:111,0
DA:112,0
DA:115,0
DA:116,0
DA:117,0
DA:120,0
DA:125,0
DA:126,0
DA:129,0
DA:131,0
DA:136,0
DA:137,0
DA:138,0
DA:140,0
DA:141,0
DA:144,0
DA:145,0
DA:150,0
DA:151,0
DA:154,0
DA:156,0
DA:161,0
DA:162,0
DA:163,0
DA:164,0
DA:167,0
DA:169,0
DA:170,0
DA:171,0
DA:173,0
DA:178,0
DA:181,0
DA:182,0
DA:183,0
DA:185,0
DA:186,0
DA:189,0
DA:191,0
DA:196,0
DA:197,0
DA:199,0
DA:200,0
DA:205,0
DA:206,0
DA:211,0
DA:213,0
DA:214,0
DA:217,0
DA:219,0
DA:220,0
DA:224,0
LF:105
LH:0
BRDA:7,0,0,0
BRDA:7,0,1,0
BRDA:12,1,0,0
BRDA:12,1,1,0
BRDA:48,2,0,0
BRDA:48,2,1,0
BRDA:48,3,0,0
BRDA:48,3,1,0
BRDA:48,3,2,0
BRDA:48,3,3,0
BRDA:52,4,0,0
BRDA:52,4,1,0
BRDA:58,5,0,0
BRDA:58,5,1,0
BRDA:98,6,0,0
BRDA:98,6,1,0
BRDA:98,7,0,0
BRDA:98,7,1,0
BRDA:98,7,2,0
BRDA:98,7,3,0
BRDA:102,8,0,0
BRDA:102,8,1,0
BRDA:111,9,0,0
BRDA:111,9,1,0
BRDA:116,10,0,0
BRDA:116,10,1,0
BRDA:125,11,0,0
BRDA:125,11,1,0
BRDA:140,12,0,0
BRDA:140,12,1,0
BRDA:147,13,0,0
BRDA:147,13,1,0
BRDA:150,14,0,0
BRDA:150,14,1,0
BRDA:154,15,0,0
BRDA:154,15,1,0
BRDA:167,16,0,0
BRDA:167,16,1,0
BRDA:205,17,0,0
BRDA:205,17,1,0
BRDA:213,18,0,0
BRDA:213,18,1,0
BRF:42
BRH:0
end_of_record
TN:
SF:src/services/emailService.js
FN:18,sendInvite
FNF:1
FNH:0
FNDA:0,sendInvite
DA:1,0
DA:3,0
DA:16,0
DA:19,0
DA:21,0
DA:46,0
LF:6
LH:0
BRDA:16,0,0,0
BRDA:16,0,1,0
BRF:2
BRH:0
end_of_record
