TN:
SF:src/composables/useActionableRequestsNotifier.js
FN:16,(anonymous_0)
FN:18,(anonymous_1)
FN:28,(anonymous_2)
FN:38,useActionableRequestsNotifier
FN:42,(anonymous_4)
FN:57,(anonymous_5)
FN:64,(anonymous_6)
FN:73,(anonymous_7)
FN:78,(anonymous_8)
FN:101,(anonymous_9)
FN:106,(anonymous_10)
FN:129,(anonymous_11)
FN:134,(anonymous_12)
FN:157,(anonymous_13)
FN:184,(anonymous_14)
FN:211,(anonymous_15)
FN:241,(anonymous_16)
FN:246,(anonymous_17)
FN:250,(anonymous_18)
FN:252,(anonymous_19)
FN:253,(anonymous_20)
FN:261,(anonymous_21)
FN:280,(anonymous_22)
FN:293,(anonymous_23)
FN:301,(anonymous_24)
FN:302,(anonymous_25)
FN:304,(anonymous_26)
FN:305,(anonymous_27)
FN:306,(anonymous_28)
FN:307,(anonymous_29)
FN:308,(anonymous_30)
FN:309,(anonymous_31)
FN:317,(anonymous_32)
FNF:33
FNH:27
FNDA:12,(anonymous_0)
FNDA:16,(anonymous_1)
FNDA:11,(anonymous_2)
FNDA:8,useActionableRequestsNotifier
FNDA:3,(anonymous_4)
FNDA:0,(anonymous_5)
FNDA:0,(anonymous_6)
FNDA:5,(anonymous_7)
FNDA:3,(anonymous_8)
FNDA:1,(anonymous_9)
FNDA:0,(anonymous_10)
FNDA:1,(anonymous_11)
FNDA:0,(anonymous_12)
FNDA:1,(anonymous_13)
FNDA:1,(anonymous_14)
FNDA:1,(anonymous_15)
FNDA:6,(anonymous_16)
FNDA:1,(anonymous_17)
FNDA:1,(anonymous_18)
FNDA:1,(anonymous_19)
FNDA:0,(anonymous_20)
FNDA:0,(anonymous_21)
FNDA:16,(anonymous_22)
FNDA:7,(anonymous_23)
FNDA:5,(anonymous_24)
FNDA:5,(anonymous_25)
FNDA:1,(anonymous_26)
FNDA:1,(anonymous_27)
FNDA:1,(anonymous_28)
FNDA:1,(anonymous_29)
FNDA:1,(anonymous_30)
FNDA:1,(anonymous_31)
FNDA:2,(anonymous_32)
DA:15,1
DA:16,12
DA:18,1
DA:19,16
DA:20,16
DA:21,16
DA:22,16
DA:24,0
DA:28,1
DA:29,11
DA:30,11
DA:31,11
DA:32,11
DA:39,8
DA:40,8
DA:42,8
DA:43,3
DA:58,0
DA:73,8
DA:74,5
DA:76,5
DA:77,5
DA:78,5
DA:80,5
DA:81,3
DA:82,3
DA:84,2
DA:92,2
DA:95,5
DA:101,8
DA:102,1
DA:104,1
DA:105,1
DA:106,1
DA:108,1
DA:109,0
DA:110,0
DA:112,0
DA:120,0
DA:123,1
DA:129,8
DA:130,1
DA:132,1
DA:133,1
DA:134,1
DA:136,1
DA:137,0
DA:138,0
DA:140,0
DA:148,0
DA:151,1
DA:157,8
DA:158,1
DA:160,1
DA:161,1
DA:163,1
DA:164,0
DA:165,0
DA:167,0
DA:175,0
DA:178,1
DA:184,8
DA:185,1
DA:187,1
DA:188,1
DA:190,1
DA:191,0
DA:192,0
DA:194,0
DA:202,0
DA:205,1
DA:211,8
DA:212,1
DA:214,1
DA:215,1
DA:217,1
DA:218,0
DA:219,0
DA:221,0
DA:229,0
DA:232,1
DA:241,8
DA:242,6
DA:244,6
DA:245,6
DA:246,6
DA:247,6
DA:249,1
DA:251,1
DA:252,1
DA:253,0
DA:257,1
DA:258,1
DA:259,1
DA:261,1
DA:262,1
DA:264,1
DA:272,1
DA:275,1
DA:280,8
DA:281,16
DA:282,16
DA:284,0
DA:285,0
DA:293,8
DA:294,7
DA:295,7
DA:297,6
DA:298,6
DA:300,6
DA:301,5
DA:302,5
DA:304,1
DA:305,1
DA:306,1
DA:307,1
DA:308,1
DA:309,1
DA:317,8
DA:318,2
DA:319,2
DA:325,8
LF:122
LH:97
BRDA:20,0,0,8
BRDA:20,0,1,8
BRDA:21,1,0,8
BRDA:21,1,1,8
BRDA:22,2,0,16
BRDA:22,2,1,11
BRDA:30,3,0,4
BRDA:30,3,1,7
BRDA:31,4,0,4
BRDA:31,4,1,7
BRDA:48,5,0,3
BRDA:48,5,1,0
BRDA:77,6,0,5
BRDA:77,6,1,0
BRDA:82,7,0,1
BRDA:82,7,1,2
BRDA:105,8,0,1
BRDA:105,8,1,0
BRDA:110,9,0,0
BRDA:110,9,1,0
BRDA:133,10,0,1
BRDA:133,10,1,0
BRDA:138,11,0,0
BRDA:138,11,1,0
BRDA:161,12,0,1
BRDA:161,12,1,0
BRDA:165,13,0,0
BRDA:165,13,1,0
BRDA:188,14,0,1
BRDA:188,14,1,0
BRDA:192,15,0,0
BRDA:192,15,1,0
BRDA:215,16,0,1
BRDA:215,16,1,0
BRDA:219,17,0,0
BRDA:219,17,1,0
BRDA:241,18,0,6
BRDA:245,19,0,6
BRDA:245,19,1,0
BRDA:247,20,0,5
BRDA:247,20,1,1
BRDA:252,21,0,1
BRDA:252,21,1,0
BRDA:259,22,0,0
BRDA:259,22,1,1
BRDA:262,23,0,0
BRDA:262,23,1,1
BRDA:284,24,0,0
BRDA:284,24,1,0
BRDA:295,25,0,1
BRDA:295,25,1,6
BRDA:300,26,0,5
BRDA:300,26,1,1
BRF:53
BRH:30
end_of_record
TN:
SF:src/stores/index.js
FN:13,(anonymous_0)
FNF:1
FNH:0
FNDA:0,(anonymous_0)
DA:14,0
DA:19,0
LF:2
LH:0
BRF:0
BRH:0
end_of_record
TN:
SF:src/utils/authStorage.js
FN:1,(anonymous_0)
FNF:1
FNH:1
FNDA:5,(anonymous_0)
DA:1,1
DA:2,5
DA:4,5
DA:5,2
DA:8,3
DA:9,3
DA:11,1
DA:12,1
DA:13,1
LF:9
LH:9
BRDA:4,0,0,2
BRDA:4,0,1,3
BRF:2
BRH:2
end_of_record
